SF:lib/src/access_token.dart
DA:26,1
DA:27,1
DA:28,1
DA:29,1
DA:30,1
DA:31,1
DA:37,1
DA:38,1
DA:39,1
DA:40,1
DA:41,1
DA:42,1
DA:43,1
DA:48,1
DA:50,1
DA:51,3
DA:52,3
DA:53,3
DA:54,3
DA:55,3
DA:56,3
DA:59,0
DA:60,0
DA:61,0
DA:62,0
DA:63,0
DA:64,0
end_of_record
SF:lib/src/account.dart
DA:20,1
DA:21,1
DA:22,1
DA:23,1
DA:24,2
DA:27,1
DA:33,0
DA:34,0
DA:35,0
DA:36,0
DA:37,0
DA:42,1
DA:44,1
DA:45,3
DA:46,3
DA:47,3
DA:50,0
DA:51,0
end_of_record
SF:lib/src/account_kit_theme.dart
DA:6,1
DA:10,1
DA:11,2
DA:12,2
DA:13,2
DA:14,2
DA:19,1
DA:20,1
DA:23,1
DA:24,1
DA:26,1
DA:30,0
DA:33,1
DA:106,1
DA:107,1
DA:108,2
DA:109,1
DA:110,2
DA:111,2
DA:112,2
DA:113,2
DA:114,2
DA:116,2
DA:117,2
DA:118,2
DA:119,2
DA:120,2
DA:121,2
DA:122,2
DA:123,2
DA:124,2
DA:125,1
DA:129,1
DA:130,2
DA:131,1
DA:132,1
DA:136,3
DA:142,1
end_of_record
SF:lib/src/config.dart
DA:9,1
DA:13,2
DA:14,1
DA:17,2
DA:19,2
DA:21,1
DA:22,1
DA:30,1
DA:31,1
DA:32,1
DA:33,1
DA:35,1
DA:39,0
DA:43,1
DA:44,1
DA:45,1
DA:46,1
DA:48,1
DA:52,0
DA:55,1
DA:136,1
DA:138,1
DA:141,0
DA:142,0
DA:145,1
DA:147,1
DA:150,0
DA:151,0
DA:154,1
DA:155,1
DA:156,1
DA:159,1
DA:160,1
DA:163,1
DA:164,1
DA:165,2
DA:168,1
DA:169,1
DA:172,1
DA:173,2
DA:174,1
DA:177,1
DA:178,1
DA:185,1
DA:186,1
DA:187,1
DA:188,1
DA:189,1
DA:190,1
DA:191,1
DA:192,1
DA:193,1
DA:194,1
DA:196,3
DA:198,1
DA:199,3
DA:202,1
DA:203,0
DA:206,3
DA:207,0
DA:211,1
DA:212,2
DA:213,1
DA:214,1
DA:218,3
end_of_record
SF:lib/src/login_result.dart
DA:40,1
DA:41,2
DA:42,1
DA:43,1
DA:44,2
DA:47,1
DA:48,1
DA:50,1
DA:52,1
DA:54,1
DA:56,1
DA:60,0
end_of_record
SF:lib/src/login_status.dart
DA:3,1
end_of_record
SF:lib/src/phone_number.dart
DA:10,1
DA:16,1
DA:17,1
DA:18,1
DA:24,1
DA:25,1
DA:26,1
DA:27,1
DA:32,1
DA:34,1
DA:35,3
DA:36,3
DA:37,3
DA:40,0
DA:43,0
end_of_record
SF:lib/src/response_type.dart
DA:3,1
end_of_record
SF:lib/src/title_type.dart
DA:3,1
end_of_record
SF:lib/src/account_kit.dart
DA:50,1
DA:52,1
DA:54,1
DA:57,0
DA:60,1
DA:61,2
DA:73,1
DA:76,0
DA:78,4
DA:84,3
DA:104,1
DA:106,2
DA:112,2
DA:137,1
DA:139,2
DA:145,2
DA:155,1
DA:156,2
DA:157,2
DA:159,1
DA:160,2
DA:170,1
DA:171,2
DA:172,2
DA:174,1
DA:175,2
DA:179,2
DA:190,1
DA:191,2
end_of_record
SF:lib/src/login_type.dart
DA:3,1
end_of_record
