SF:lib/src/access_token.dart
DA:26,1
DA:27,1
DA:28,1
DA:29,1
DA:30,1
DA:31,1
DA:37,1
DA:38,1
DA:39,1
DA:40,1
DA:41,1
DA:42,1
DA:43,1
DA:47,1
DA:50,1
DA:51,3
DA:52,3
DA:53,3
DA:54,3
DA:55,3
DA:56,3
DA:58,0
DA:60,0
DA:61,0
DA:62,0
DA:63,0
DA:64,0
LF:27
LH:21
end_of_record
SF:lib/src/account.dart
DA:20,1
DA:21,1
DA:22,1
DA:23,1
DA:24,2
DA:27,1
DA:33,0
DA:34,0
DA:35,0
DA:36,0
DA:37,0
DA:41,1
DA:44,1
DA:45,3
DA:46,3
DA:47,3
DA:49,0
DA:51,0
LF:18
LH:11
end_of_record
SF:lib/src/account_kit_theme.dart
DA:6,1
DA:10,1
DA:11,2
DA:12,2
DA:13,2
DA:14,2
DA:19,1
DA:20,1
DA:23,1
DA:24,1
DA:26,1
DA:30,0
DA:33,1
DA:111,1
DA:112,1
DA:113,2
DA:114,1
DA:115,2
DA:116,2
DA:117,2
DA:118,2
DA:119,2
DA:120,2
DA:122,2
DA:123,2
DA:124,2
DA:125,2
DA:126,2
DA:127,2
DA:128,2
DA:129,2
DA:130,2
DA:131,1
DA:135,1
DA:136,2
DA:137,1
DA:138,1
DA:142,3
DA:148,1
LF:39
LH:38
end_of_record
SF:lib/src/config.dart
DA:9,1
DA:13,2
DA:14,1
DA:17,3
DA:19,2
DA:21,2
DA:22,1
DA:30,1
DA:31,1
DA:32,1
DA:33,1
DA:35,1
DA:39,0
DA:43,1
DA:44,1
DA:45,1
DA:46,1
DA:48,1
DA:52,0
DA:55,1
DA:136,1
DA:137,1
DA:138,1
DA:141,0
DA:142,0
DA:145,1
DA:146,1
DA:147,1
DA:150,0
DA:151,0
DA:154,1
DA:155,1
DA:156,1
DA:159,1
DA:160,1
DA:163,1
DA:164,1
DA:165,1
DA:168,1
DA:169,1
DA:172,1
DA:173,2
DA:174,1
DA:177,1
DA:178,1
DA:185,1
DA:186,1
DA:187,1
DA:188,1
DA:189,1
DA:190,1
DA:191,1
DA:192,1
DA:193,1
DA:194,1
DA:195,3
DA:196,3
DA:198,1
DA:199,3
DA:202,3
DA:203,0
DA:206,3
DA:207,0
DA:211,1
DA:212,2
DA:213,1
DA:214,1
DA:218,3
LF:68
LH:60
end_of_record
SF:lib/src/login_result.dart
DA:40,1
DA:41,2
DA:42,1
DA:43,1
DA:44,2
DA:47,1
DA:48,1
DA:50,1
DA:52,1
DA:54,1
DA:56,1
DA:60,0
LF:12
LH:11
end_of_record
SF:lib/src/login_status.dart
DA:2,1
LF:1
LH:1
end_of_record
SF:lib/src/phone_number.dart
DA:9,1
DA:15,1
DA:16,1
DA:17,1
DA:23,1
DA:24,1
DA:25,1
DA:26,1
DA:30,1
DA:33,1
DA:34,3
DA:35,3
DA:36,3
DA:38,0
DA:39,0
DA:41,0
DA:42,0
LF:17
LH:13
end_of_record
SF:lib/src/response_type.dart
DA:2,1
LF:1
LH:1
end_of_record
SF:lib/src/title_type.dart
DA:3,1
LF:1
LH:1
end_of_record
SF:lib/src/account_kit.dart
DA:50,1
DA:52,1
DA:54,1
DA:57,0
DA:69,1
DA:72,0
DA:74,4
DA:80,3
DA:100,1
DA:102,2
DA:108,2
DA:133,1
DA:135,2
DA:141,2
DA:151,1
DA:152,2
DA:153,2
DA:155,1
DA:156,2
DA:166,1
DA:167,2
DA:168,2
DA:170,1
DA:171,2
DA:175,2
DA:186,1
DA:187,2
LF:27
LH:25
end_of_record
SF:lib/src/login_type.dart
DA:3,1
LF:1
LH:1
end_of_record
